<?xml version="1.0" encoding="UTF-8"?>
<testng-results skipped="0" failed="0" total="1" passed="1">
  <reporter-output>
  </reporter-output>
  <suite name="Default suite" duration-ms="67928" started-at="2016-05-26T13:56:06Z" finished-at="2016-05-26T13:57:14Z">
    <groups>
    </groups>
    <test name="Default test" duration-ms="67928" started-at="2016-05-26T13:56:06Z" finished-at="2016-05-26T13:57:14Z">
      <class name="twc.Automation.SmokeTestCases.somkeTestCases">
        <test-method status="PASS" signature="Before_Test()[pri:0, instance:twc.Automation.SmokeTestCases.somkeTestCases@1134affc]" name="Before_Test" is-config="true" duration-ms="5102" started-at="2016-05-26T19:26:06Z" finished-at="2016-05-26T19:26:11Z">
          <reporter-output>
          </reporter-output>
        </test-method> <!-- Before_Test -->
        <test-method status="PASS" signature="Factual_Test_Case_Using_Charles()[pri:0, instance:twc.Automation.SmokeTestCases.somkeTestCases@1134affc]" name="Factual_Test_Case_Using_Charles" duration-ms="62810" started-at="2016-05-26T19:26:11Z" finished-at="2016-05-26T19:27:14Z">
          <reporter-output>
          </reporter-output>
        </test-method> <!-- Factual_Test_Case_Using_Charles -->
      </class> <!-- twc.Automation.SmokeTestCases.somkeTestCases -->
    </test> <!-- Default test -->
  </suite> <!-- Default suite -->
</testng-results>
